{"C:\\Users\\user-pc\\Documents\\GitHub\\MovieHub\\backend\\src\\Auth\\auth.controller.js": {"path":"C:\\Users\\user-pc\\Documents\\GitHub\\MovieHub\\backend\\src\\Auth\\auth.controller.js","statementMap":{"0":{"start":{"line":5,"column":0},"end":{"line":13,"column":2}},"1":{"start":{"line":6,"column":32},"end":{"line":6,"column":40}},"2":{"start":{"line":7,"column":4},"end":{"line":12,"column":5}},"3":{"start":{"line":8,"column":21},"end":{"line":8,"column":68}},"4":{"start":{"line":9,"column":8},"end":{"line":9,"column":72}},"5":{"start":{"line":11,"column":8},"end":{"line":11,"column":49}},"6":{"start":{"line":15,"column":0},"end":{"line":23,"column":2}},"7":{"start":{"line":16,"column":32},"end":{"line":16,"column":40}},"8":{"start":{"line":17,"column":4},"end":{"line":22,"column":5}},"9":{"start":{"line":18,"column":21},"end":{"line":18,"column":65}},"10":{"start":{"line":19,"column":8},"end":{"line":19,"column":71}},"11":{"start":{"line":21,"column":8},"end":{"line":21,"column":49}},"12":{"start":{"line":25,"column":0},"end":{"line":32,"column":2}},"13":{"start":{"line":26,"column":4},"end":{"line":31,"column":5}},"14":{"start":{"line":27,"column":8},"end":{"line":27,"column":39}},"15":{"start":{"line":28,"column":8},"end":{"line":28,"column":66}},"16":{"start":{"line":30,"column":8},"end":{"line":30,"column":49}}},"fnMap":{"0":{"name":"(anonymous_0)","decl":{"start":{"line":5,"column":19},"end":{"line":5,"column":20}},"loc":{"start":{"line":5,"column":39},"end":{"line":13,"column":1}},"line":5},"1":{"name":"(anonymous_1)","decl":{"start":{"line":15,"column":16},"end":{"line":15,"column":17}},"loc":{"start":{"line":15,"column":36},"end":{"line":23,"column":1}},"line":15},"2":{"name":"(anonymous_2)","decl":{"start":{"line":25,"column":17},"end":{"line":25,"column":18}},"loc":{"start":{"line":25,"column":37},"end":{"line":32,"column":1}},"line":25}},"branchMap":{},"s":{"0":1,"1":1,"2":1,"3":1,"4":1,"5":0,"6":1,"7":1,"8":1,"9":1,"10":1,"11":0,"12":1,"13":1,"14":1,"15":1,"16":0},"f":{"0":1,"1":1,"2":1},"b":{},"_coverageSchema":"1a1c01bbd47fc00a2c39e90264f33305004495a9","hash":"28b560480d19d0b335497e5fafe6be9085d26d29"}
,"C:\\Users\\user-pc\\Documents\\GitHub\\MovieHub\\backend\\src\\Auth\\auth.services.js": {"path":"C:\\Users\\user-pc\\Documents\\GitHub\\MovieHub\\backend\\src\\Auth\\auth.services.js","statementMap":{"0":{"start":{"line":5,"column":13},"end":{"line":5,"column":33}},"1":{"start":{"line":7,"column":0},"end":{"line":14,"column":2}},"2":{"start":{"line":8,"column":2},"end":{"line":13,"column":3}},"3":{"start":{"line":9,"column":27},"end":{"line":9,"column":86}},"4":{"start":{"line":10,"column":4},"end":{"line":10,"column":31}},"5":{"start":{"line":12,"column":4},"end":{"line":12,"column":16}},"6":{"start":{"line":16,"column":0},"end":{"line":23,"column":2}},"7":{"start":{"line":17,"column":2},"end":{"line":22,"column":3}},"8":{"start":{"line":18,"column":27},"end":{"line":18,"column":82}},"9":{"start":{"line":19,"column":4},"end":{"line":19,"column":31}},"10":{"start":{"line":21,"column":4},"end":{"line":21,"column":16}},"11":{"start":{"line":25,"column":0},"end":{"line":32,"column":2}},"12":{"start":{"line":26,"column":2},"end":{"line":31,"column":3}},"13":{"start":{"line":27,"column":4},"end":{"line":27,"column":24}},"14":{"start":{"line":28,"column":4},"end":{"line":28,"column":16}},"15":{"start":{"line":30,"column":4},"end":{"line":30,"column":16}}},"fnMap":{"0":{"name":"(anonymous_0)","decl":{"start":{"line":7,"column":23},"end":{"line":7,"column":24}},"loc":{"start":{"line":7,"column":50},"end":{"line":14,"column":1}},"line":7},"1":{"name":"(anonymous_1)","decl":{"start":{"line":16,"column":20},"end":{"line":16,"column":21}},"loc":{"start":{"line":16,"column":47},"end":{"line":23,"column":1}},"line":16},"2":{"name":"(anonymous_2)","decl":{"start":{"line":25,"column":21},"end":{"line":25,"column":22}},"loc":{"start":{"line":25,"column":33},"end":{"line":32,"column":1}},"line":25}},"branchMap":{},"s":{"0":2,"1":2,"2":1,"3":1,"4":0,"5":1,"6":2,"7":1,"8":1,"9":1,"10":0,"11":2,"12":1,"13":1,"14":1,"15":0},"f":{"0":1,"1":1,"2":1},"b":{},"_coverageSchema":"1a1c01bbd47fc00a2c39e90264f33305004495a9","hash":"1d2a7299e6d16c551339aa0f941356248f83a519"}
,"C:\\Users\\user-pc\\Documents\\GitHub\\MovieHub\\backend\\src\\Firebase\\firebaseConnection.js": {"path":"C:\\Users\\user-pc\\Documents\\GitHub\\MovieHub\\backend\\src\\Firebase\\firebaseConnection.js","statementMap":{"0":{"start":{"line":9,"column":23},"end":{"line":18,"column":1}},"1":{"start":{"line":21,"column":12},"end":{"line":21,"column":41}}},"fnMap":{},"branchMap":{},"s":{"0":2,"1":2},"f":{},"b":{},"_coverageSchema":"1a1c01bbd47fc00a2c39e90264f33305004495a9","hash":"80ad864a3acc06be4ee9120fc10fa3e523af080d"}
,"C:\\Users\\user-pc\\Documents\\GitHub\\MovieHub\\backend\\src\\Review\\review.controller.js": {"path":"C:\\Users\\user-pc\\Documents\\GitHub\\MovieHub\\backend\\src\\Review\\review.controller.js","statementMap":{"0":{"start":{"line":4,"column":0},"end":{"line":12,"column":2}},"1":{"start":{"line":5,"column":38},"end":{"line":5,"column":46}},"2":{"start":{"line":6,"column":4},"end":{"line":11,"column":5}},"3":{"start":{"line":7,"column":23},"end":{"line":7,"column":75}},"4":{"start":{"line":8,"column":8},"end":{"line":8,"column":71}},"5":{"start":{"line":10,"column":8},"end":{"line":10,"column":49}},"6":{"start":{"line":14,"column":0},"end":{"line":22,"column":2}},"7":{"start":{"line":15,"column":48},"end":{"line":15,"column":56}},"8":{"start":{"line":16,"column":4},"end":{"line":21,"column":5}},"9":{"start":{"line":17,"column":24},"end":{"line":17,"column":95}},"10":{"start":{"line":18,"column":8},"end":{"line":18,"column":73}},"11":{"start":{"line":20,"column":8},"end":{"line":20,"column":49}},"12":{"start":{"line":24,"column":0},"end":{"line":32,"column":2}},"13":{"start":{"line":25,"column":49},"end":{"line":25,"column":57}},"14":{"start":{"line":26,"column":4},"end":{"line":31,"column":5}},"15":{"start":{"line":27,"column":24},"end":{"line":27,"column":97}},"16":{"start":{"line":28,"column":8},"end":{"line":28,"column":73}},"17":{"start":{"line":30,"column":8},"end":{"line":30,"column":49}},"18":{"start":{"line":34,"column":0},"end":{"line":42,"column":2}},"19":{"start":{"line":35,"column":31},"end":{"line":35,"column":39}},"20":{"start":{"line":36,"column":4},"end":{"line":41,"column":5}},"21":{"start":{"line":37,"column":23},"end":{"line":37,"column":69}},"22":{"start":{"line":38,"column":8},"end":{"line":38,"column":72}},"23":{"start":{"line":40,"column":8},"end":{"line":40,"column":49}},"24":{"start":{"line":44,"column":0},"end":{"line":52,"column":2}},"25":{"start":{"line":45,"column":32},"end":{"line":45,"column":40}},"26":{"start":{"line":46,"column":4},"end":{"line":51,"column":5}},"27":{"start":{"line":47,"column":24},"end":{"line":47,"column":72}},"28":{"start":{"line":48,"column":8},"end":{"line":48,"column":74}},"29":{"start":{"line":50,"column":8},"end":{"line":50,"column":49}},"30":{"start":{"line":54,"column":0},"end":{"line":62,"column":2}},"31":{"start":{"line":55,"column":25},"end":{"line":55,"column":33}},"32":{"start":{"line":56,"column":4},"end":{"line":61,"column":5}},"33":{"start":{"line":57,"column":8},"end":{"line":57,"column":51}},"34":{"start":{"line":58,"column":8},"end":{"line":58,"column":65}},"35":{"start":{"line":60,"column":8},"end":{"line":60,"column":49}},"36":{"start":{"line":64,"column":0},"end":{"line":72,"column":2}},"37":{"start":{"line":65,"column":26},"end":{"line":65,"column":34}},"38":{"start":{"line":66,"column":4},"end":{"line":71,"column":5}},"39":{"start":{"line":67,"column":8},"end":{"line":67,"column":53}},"40":{"start":{"line":68,"column":8},"end":{"line":68,"column":66}},"41":{"start":{"line":70,"column":8},"end":{"line":70,"column":49}},"42":{"start":{"line":74,"column":0},"end":{"line":82,"column":2}},"43":{"start":{"line":75,"column":33},"end":{"line":75,"column":41}},"44":{"start":{"line":76,"column":4},"end":{"line":81,"column":5}},"45":{"start":{"line":77,"column":22},"end":{"line":77,"column":76}},"46":{"start":{"line":78,"column":8},"end":{"line":78,"column":99}},"47":{"start":{"line":80,"column":8},"end":{"line":80,"column":49}},"48":{"start":{"line":84,"column":0},"end":{"line":92,"column":2}},"49":{"start":{"line":85,"column":24},"end":{"line":85,"column":34}},"50":{"start":{"line":86,"column":4},"end":{"line":91,"column":5}},"51":{"start":{"line":87,"column":24},"end":{"line":87,"column":70}},"52":{"start":{"line":88,"column":8},"end":{"line":88,"column":75}},"53":{"start":{"line":90,"column":8},"end":{"line":90,"column":49}},"54":{"start":{"line":94,"column":0},"end":{"line":102,"column":2}},"55":{"start":{"line":95,"column":25},"end":{"line":95,"column":35}},"56":{"start":{"line":96,"column":4},"end":{"line":101,"column":5}},"57":{"start":{"line":97,"column":25},"end":{"line":97,"column":74}},"58":{"start":{"line":98,"column":8},"end":{"line":98,"column":77}},"59":{"start":{"line":100,"column":8},"end":{"line":100,"column":49}},"60":{"start":{"line":104,"column":0},"end":{"line":112,"column":2}},"61":{"start":{"line":105,"column":23},"end":{"line":105,"column":33}},"62":{"start":{"line":106,"column":4},"end":{"line":111,"column":5}},"63":{"start":{"line":107,"column":24},"end":{"line":107,"column":68}},"64":{"start":{"line":108,"column":8},"end":{"line":108,"column":75}},"65":{"start":{"line":110,"column":8},"end":{"line":110,"column":49}},"66":{"start":{"line":114,"column":0},"end":{"line":122,"column":2}},"67":{"start":{"line":115,"column":23},"end":{"line":115,"column":33}},"68":{"start":{"line":116,"column":4},"end":{"line":121,"column":5}},"69":{"start":{"line":117,"column":25},"end":{"line":117,"column":70}},"70":{"start":{"line":118,"column":8},"end":{"line":118,"column":77}},"71":{"start":{"line":120,"column":8},"end":{"line":120,"column":49}}},"fnMap":{"0":{"name":"(anonymous_0)","decl":{"start":{"line":4,"column":20},"end":{"line":4,"column":21}},"loc":{"start":{"line":4,"column":40},"end":{"line":12,"column":1}},"line":4},"1":{"name":"(anonymous_1)","decl":{"start":{"line":14,"column":29},"end":{"line":14,"column":30}},"loc":{"start":{"line":14,"column":49},"end":{"line":22,"column":1}},"line":14},"2":{"name":"(anonymous_2)","decl":{"start":{"line":24,"column":30},"end":{"line":24,"column":31}},"loc":{"start":{"line":24,"column":50},"end":{"line":32,"column":1}},"line":24},"3":{"name":"(anonymous_3)","decl":{"start":{"line":34,"column":21},"end":{"line":34,"column":22}},"loc":{"start":{"line":34,"column":41},"end":{"line":42,"column":1}},"line":34},"4":{"name":"(anonymous_4)","decl":{"start":{"line":44,"column":22},"end":{"line":44,"column":23}},"loc":{"start":{"line":44,"column":42},"end":{"line":52,"column":1}},"line":44},"5":{"name":"(anonymous_5)","decl":{"start":{"line":54,"column":23},"end":{"line":54,"column":24}},"loc":{"start":{"line":54,"column":43},"end":{"line":62,"column":1}},"line":54},"6":{"name":"(anonymous_6)","decl":{"start":{"line":64,"column":24},"end":{"line":64,"column":25}},"loc":{"start":{"line":64,"column":44},"end":{"line":72,"column":1}},"line":64},"7":{"name":"(anonymous_7)","decl":{"start":{"line":74,"column":27},"end":{"line":74,"column":28}},"loc":{"start":{"line":74,"column":47},"end":{"line":82,"column":1}},"line":74},"8":{"name":"(anonymous_8)","decl":{"start":{"line":84,"column":28},"end":{"line":84,"column":29}},"loc":{"start":{"line":84,"column":48},"end":{"line":92,"column":1}},"line":84},"9":{"name":"(anonymous_9)","decl":{"start":{"line":94,"column":30},"end":{"line":94,"column":31}},"loc":{"start":{"line":94,"column":50},"end":{"line":102,"column":1}},"line":94},"10":{"name":"(anonymous_10)","decl":{"start":{"line":104,"column":27},"end":{"line":104,"column":28}},"loc":{"start":{"line":104,"column":47},"end":{"line":112,"column":1}},"line":104},"11":{"name":"(anonymous_11)","decl":{"start":{"line":114,"column":28},"end":{"line":114,"column":29}},"loc":{"start":{"line":114,"column":48},"end":{"line":122,"column":1}},"line":114}},"branchMap":{"0":{"loc":{"start":{"line":78,"column":44},"end":{"line":78,"column":71}},"type":"cond-expr","locations":[{"start":{"line":78,"column":52},"end":{"line":78,"column":59}},{"start":{"line":78,"column":62},"end":{"line":78,"column":71}}],"line":78}},"s":{"0":1,"1":1,"2":1,"3":1,"4":1,"5":0,"6":1,"7":1,"8":1,"9":1,"10":1,"11":0,"12":1,"13":1,"14":1,"15":1,"16":1,"17":0,"18":1,"19":1,"20":1,"21":1,"22":1,"23":0,"24":1,"25":1,"26":1,"27":1,"28":1,"29":0,"30":1,"31":1,"32":1,"33":1,"34":1,"35":0,"36":1,"37":1,"38":1,"39":1,"40":1,"41":0,"42":1,"43":1,"44":1,"45":1,"46":1,"47":0,"48":1,"49":1,"50":1,"51":1,"52":1,"53":0,"54":1,"55":1,"56":1,"57":1,"58":1,"59":0,"60":1,"61":1,"62":1,"63":1,"64":1,"65":0,"66":1,"67":1,"68":1,"69":1,"70":1,"71":0},"f":{"0":1,"1":1,"2":1,"3":1,"4":1,"5":1,"6":1,"7":1,"8":1,"9":1,"10":1,"11":1},"b":{"0":[1,0]},"_coverageSchema":"1a1c01bbd47fc00a2c39e90264f33305004495a9","hash":"5784cc089a8b04a91911e6418867c41748faf8dd"}
,"C:\\Users\\user-pc\\Documents\\GitHub\\MovieHub\\backend\\src\\Review\\review.services.js": {"path":"C:\\Users\\user-pc\\Documents\\GitHub\\MovieHub\\backend\\src\\Review\\review.services.js","statementMap":{"0":{"start":{"line":1,"column":14},"end":{"line":1,"column":37}},"1":{"start":{"line":2,"column":15},"end":{"line":5,"column":1}},"2":{"start":{"line":7,"column":0},"end":{"line":25,"column":2}},"3":{"start":{"line":8,"column":20},"end":{"line":8,"column":36}},"4":{"start":{"line":9,"column":4},"end":{"line":24,"column":5}},"5":{"start":{"line":10,"column":23},"end":{"line":16,"column":9}},"6":{"start":{"line":17,"column":8},"end":{"line":21,"column":9}},"7":{"start":{"line":18,"column":12},"end":{"line":18,"column":57}},"8":{"start":{"line":20,"column":12},"end":{"line":20,"column":49}},"9":{"start":{"line":23,"column":8},"end":{"line":23,"column":30}},"10":{"start":{"line":27,"column":0},"end":{"line":45,"column":2}},"11":{"start":{"line":28,"column":20},"end":{"line":28,"column":36}},"12":{"start":{"line":29,"column":4},"end":{"line":44,"column":5}},"13":{"start":{"line":30,"column":23},"end":{"line":36,"column":9}},"14":{"start":{"line":37,"column":8},"end":{"line":41,"column":9}},"15":{"start":{"line":38,"column":12},"end":{"line":38,"column":57}},"16":{"start":{"line":40,"column":12},"end":{"line":40,"column":50}},"17":{"start":{"line":43,"column":8},"end":{"line":43,"column":30}},"18":{"start":{"line":47,"column":0},"end":{"line":65,"column":2}},"19":{"start":{"line":48,"column":20},"end":{"line":48,"column":36}},"20":{"start":{"line":49,"column":4},"end":{"line":64,"column":5}},"21":{"start":{"line":50,"column":23},"end":{"line":56,"column":9}},"22":{"start":{"line":57,"column":8},"end":{"line":61,"column":9}},"23":{"start":{"line":58,"column":12},"end":{"line":58,"column":58}},"24":{"start":{"line":60,"column":12},"end":{"line":60,"column":50}},"25":{"start":{"line":63,"column":8},"end":{"line":63,"column":30}},"26":{"start":{"line":67,"column":0},"end":{"line":84,"column":2}},"27":{"start":{"line":68,"column":20},"end":{"line":68,"column":36}},"28":{"start":{"line":69,"column":4},"end":{"line":83,"column":5}},"29":{"start":{"line":70,"column":23},"end":{"line":75,"column":9}},"30":{"start":{"line":76,"column":8},"end":{"line":80,"column":9}},"31":{"start":{"line":77,"column":12},"end":{"line":77,"column":57}},"32":{"start":{"line":79,"column":12},"end":{"line":79,"column":48}},"33":{"start":{"line":82,"column":8},"end":{"line":82,"column":30}},"34":{"start":{"line":86,"column":0},"end":{"line":103,"column":2}},"35":{"start":{"line":87,"column":20},"end":{"line":87,"column":36}},"36":{"start":{"line":88,"column":4},"end":{"line":102,"column":5}},"37":{"start":{"line":89,"column":23},"end":{"line":94,"column":9}},"38":{"start":{"line":95,"column":8},"end":{"line":99,"column":9}},"39":{"start":{"line":96,"column":12},"end":{"line":96,"column":57}},"40":{"start":{"line":98,"column":12},"end":{"line":98,"column":49}},"41":{"start":{"line":101,"column":8},"end":{"line":101,"column":30}},"42":{"start":{"line":105,"column":0},"end":{"line":121,"column":2}},"43":{"start":{"line":106,"column":20},"end":{"line":106,"column":36}},"44":{"start":{"line":107,"column":4},"end":{"line":120,"column":5}},"45":{"start":{"line":108,"column":23},"end":{"line":112,"column":9}},"46":{"start":{"line":113,"column":8},"end":{"line":117,"column":9}},"47":{"start":{"line":114,"column":12},"end":{"line":114,"column":24}},"48":{"start":{"line":116,"column":12},"end":{"line":116,"column":48}},"49":{"start":{"line":119,"column":8},"end":{"line":119,"column":30}},"50":{"start":{"line":123,"column":0},"end":{"line":139,"column":2}},"51":{"start":{"line":124,"column":20},"end":{"line":124,"column":36}},"52":{"start":{"line":125,"column":4},"end":{"line":138,"column":5}},"53":{"start":{"line":126,"column":23},"end":{"line":130,"column":9}},"54":{"start":{"line":131,"column":8},"end":{"line":135,"column":9}},"55":{"start":{"line":132,"column":12},"end":{"line":132,"column":24}},"56":{"start":{"line":134,"column":12},"end":{"line":134,"column":49}},"57":{"start":{"line":137,"column":8},"end":{"line":137,"column":30}},"58":{"start":{"line":141,"column":0},"end":{"line":161,"column":2}},"59":{"start":{"line":142,"column":20},"end":{"line":142,"column":36}},"60":{"start":{"line":143,"column":4},"end":{"line":160,"column":5}},"61":{"start":{"line":144,"column":23},"end":{"line":152,"column":9}},"62":{"start":{"line":153,"column":8},"end":{"line":157,"column":9}},"63":{"start":{"line":154,"column":12},"end":{"line":154,"column":50}},"64":{"start":{"line":156,"column":12},"end":{"line":156,"column":56}},"65":{"start":{"line":159,"column":8},"end":{"line":159,"column":30}},"66":{"start":{"line":163,"column":0},"end":{"line":175,"column":2}},"67":{"start":{"line":164,"column":20},"end":{"line":164,"column":36}},"68":{"start":{"line":165,"column":4},"end":{"line":174,"column":5}},"69":{"start":{"line":166,"column":23},"end":{"line":170,"column":9}},"70":{"start":{"line":171,"column":8},"end":{"line":171,"column":72}},"71":{"start":{"line":171,"column":44},"end":{"line":171,"column":70}},"72":{"start":{"line":173,"column":8},"end":{"line":173,"column":30}},"73":{"start":{"line":177,"column":0},"end":{"line":189,"column":2}},"74":{"start":{"line":178,"column":20},"end":{"line":178,"column":36}},"75":{"start":{"line":179,"column":4},"end":{"line":188,"column":5}},"76":{"start":{"line":180,"column":23},"end":{"line":184,"column":9}},"77":{"start":{"line":185,"column":8},"end":{"line":185,"column":72}},"78":{"start":{"line":185,"column":44},"end":{"line":185,"column":70}},"79":{"start":{"line":187,"column":8},"end":{"line":187,"column":30}},"80":{"start":{"line":191,"column":0},"end":{"line":203,"column":2}},"81":{"start":{"line":192,"column":20},"end":{"line":192,"column":36}},"82":{"start":{"line":193,"column":4},"end":{"line":202,"column":5}},"83":{"start":{"line":194,"column":23},"end":{"line":198,"column":9}},"84":{"start":{"line":199,"column":8},"end":{"line":199,"column":72}},"85":{"start":{"line":199,"column":44},"end":{"line":199,"column":70}},"86":{"start":{"line":201,"column":8},"end":{"line":201,"column":30}},"87":{"start":{"line":205,"column":0},"end":{"line":217,"column":2}},"88":{"start":{"line":206,"column":20},"end":{"line":206,"column":36}},"89":{"start":{"line":207,"column":4},"end":{"line":216,"column":5}},"90":{"start":{"line":208,"column":23},"end":{"line":212,"column":9}},"91":{"start":{"line":213,"column":8},"end":{"line":213,"column":72}},"92":{"start":{"line":213,"column":44},"end":{"line":213,"column":70}},"93":{"start":{"line":215,"column":8},"end":{"line":215,"column":30}}},"fnMap":{"0":{"name":"(anonymous_0)","decl":{"start":{"line":7,"column":20},"end":{"line":7,"column":21}},"loc":{"start":{"line":7,"column":53},"end":{"line":25,"column":1}},"line":7},"1":{"name":"(anonymous_1)","decl":{"start":{"line":27,"column":29},"end":{"line":27,"column":30}},"loc":{"start":{"line":27,"column":72},"end":{"line":45,"column":1}},"line":27},"2":{"name":"(anonymous_2)","decl":{"start":{"line":47,"column":30},"end":{"line":47,"column":31}},"loc":{"start":{"line":47,"column":74},"end":{"line":65,"column":1}},"line":47},"3":{"name":"(anonymous_3)","decl":{"start":{"line":67,"column":21},"end":{"line":67,"column":22}},"loc":{"start":{"line":67,"column":47},"end":{"line":84,"column":1}},"line":67},"4":{"name":"(anonymous_4)","decl":{"start":{"line":86,"column":22},"end":{"line":86,"column":23}},"loc":{"start":{"line":86,"column":49},"end":{"line":103,"column":1}},"line":86},"5":{"name":"(anonymous_5)","decl":{"start":{"line":105,"column":23},"end":{"line":105,"column":24}},"loc":{"start":{"line":105,"column":43},"end":{"line":121,"column":1}},"line":105},"6":{"name":"(anonymous_6)","decl":{"start":{"line":123,"column":24},"end":{"line":123,"column":25}},"loc":{"start":{"line":123,"column":45},"end":{"line":139,"column":1}},"line":123},"7":{"name":"(anonymous_7)","decl":{"start":{"line":141,"column":27},"end":{"line":141,"column":28}},"loc":{"start":{"line":141,"column":55},"end":{"line":161,"column":1}},"line":141},"8":{"name":"(anonymous_8)","decl":{"start":{"line":163,"column":28},"end":{"line":163,"column":29}},"loc":{"start":{"line":163,"column":47},"end":{"line":175,"column":1}},"line":163},"9":{"name":"(anonymous_9)","decl":{"start":{"line":171,"column":34},"end":{"line":171,"column":35}},"loc":{"start":{"line":171,"column":44},"end":{"line":171,"column":70}},"line":171},"10":{"name":"(anonymous_10)","decl":{"start":{"line":177,"column":30},"end":{"line":177,"column":31}},"loc":{"start":{"line":177,"column":50},"end":{"line":189,"column":1}},"line":177},"11":{"name":"(anonymous_11)","decl":{"start":{"line":185,"column":34},"end":{"line":185,"column":35}},"loc":{"start":{"line":185,"column":44},"end":{"line":185,"column":70}},"line":185},"12":{"name":"(anonymous_12)","decl":{"start":{"line":191,"column":27},"end":{"line":191,"column":28}},"loc":{"start":{"line":191,"column":45},"end":{"line":203,"column":1}},"line":191},"13":{"name":"(anonymous_13)","decl":{"start":{"line":199,"column":34},"end":{"line":199,"column":35}},"loc":{"start":{"line":199,"column":44},"end":{"line":199,"column":70}},"line":199},"14":{"name":"(anonymous_14)","decl":{"start":{"line":205,"column":28},"end":{"line":205,"column":29}},"loc":{"start":{"line":205,"column":46},"end":{"line":217,"column":1}},"line":205},"15":{"name":"(anonymous_15)","decl":{"start":{"line":213,"column":34},"end":{"line":213,"column":35}},"loc":{"start":{"line":213,"column":44},"end":{"line":213,"column":70}},"line":213}},"branchMap":{"0":{"loc":{"start":{"line":17,"column":8},"end":{"line":21,"column":9}},"type":"if","locations":[{"start":{"line":17,"column":8},"end":{"line":21,"column":9}},{"start":{"line":19,"column":15},"end":{"line":21,"column":9}}],"line":17},"1":{"loc":{"start":{"line":37,"column":8},"end":{"line":41,"column":9}},"type":"if","locations":[{"start":{"line":37,"column":8},"end":{"line":41,"column":9}},{"start":{"line":39,"column":15},"end":{"line":41,"column":9}}],"line":37},"2":{"loc":{"start":{"line":57,"column":8},"end":{"line":61,"column":9}},"type":"if","locations":[{"start":{"line":57,"column":8},"end":{"line":61,"column":9}},{"start":{"line":59,"column":15},"end":{"line":61,"column":9}}],"line":57},"3":{"loc":{"start":{"line":76,"column":8},"end":{"line":80,"column":9}},"type":"if","locations":[{"start":{"line":76,"column":8},"end":{"line":80,"column":9}},{"start":{"line":78,"column":15},"end":{"line":80,"column":9}}],"line":76},"4":{"loc":{"start":{"line":95,"column":8},"end":{"line":99,"column":9}},"type":"if","locations":[{"start":{"line":95,"column":8},"end":{"line":99,"column":9}},{"start":{"line":97,"column":15},"end":{"line":99,"column":9}}],"line":95},"5":{"loc":{"start":{"line":113,"column":8},"end":{"line":117,"column":9}},"type":"if","locations":[{"start":{"line":113,"column":8},"end":{"line":117,"column":9}},{"start":{"line":115,"column":15},"end":{"line":117,"column":9}}],"line":113},"6":{"loc":{"start":{"line":131,"column":8},"end":{"line":135,"column":9}},"type":"if","locations":[{"start":{"line":131,"column":8},"end":{"line":135,"column":9}},{"start":{"line":133,"column":15},"end":{"line":135,"column":9}}],"line":131},"7":{"loc":{"start":{"line":153,"column":8},"end":{"line":157,"column":9}},"type":"if","locations":[{"start":{"line":153,"column":8},"end":{"line":157,"column":9}},{"start":{"line":155,"column":15},"end":{"line":157,"column":9}}],"line":153}},"s":{"0":2,"1":2,"2":2,"3":1,"4":1,"5":1,"6":1,"7":0,"8":1,"9":1,"10":2,"11":1,"12":1,"13":1,"14":1,"15":0,"16":1,"17":1,"18":2,"19":1,"20":1,"21":1,"22":1,"23":0,"24":1,"25":1,"26":2,"27":1,"28":1,"29":1,"30":1,"31":0,"32":1,"33":1,"34":2,"35":1,"36":1,"37":1,"38":1,"39":0,"40":1,"41":1,"42":2,"43":1,"44":1,"45":1,"46":1,"47":0,"48":0,"49":1,"50":2,"51":1,"52":1,"53":1,"54":1,"55":0,"56":0,"57":1,"58":2,"59":1,"60":1,"61":1,"62":1,"63":0,"64":1,"65":1,"66":2,"67":1,"68":1,"69":1,"70":1,"71":0,"72":1,"73":2,"74":1,"75":1,"76":1,"77":1,"78":0,"79":1,"80":2,"81":1,"82":1,"83":1,"84":1,"85":0,"86":1,"87":2,"88":1,"89":1,"90":1,"91":1,"92":0,"93":1},"f":{"0":1,"1":1,"2":1,"3":1,"4":1,"5":1,"6":1,"7":1,"8":1,"9":0,"10":1,"11":0,"12":1,"13":0,"14":1,"15":0},"b":{"0":[0,1],"1":[0,1],"2":[0,1],"3":[0,1],"4":[0,1],"5":[0,0],"6":[0,0],"7":[0,1]},"_coverageSchema":"1a1c01bbd47fc00a2c39e90264f33305004495a9","hash":"60d4c326b7166dc0f81c02d04acfca76eb975399"}
,"C:\\Users\\user-pc\\Documents\\GitHub\\MovieHub\\backend\\src\\Users\\app.js": {"path":"C:\\Users\\user-pc\\Documents\\GitHub\\MovieHub\\backend\\src\\Users\\app.js","statementMap":{"0":{"start":{"line":2,"column":16},"end":{"line":2,"column":34}},"1":{"start":{"line":3,"column":15},"end":{"line":3,"column":32}},"2":{"start":{"line":4,"column":19},"end":{"line":4,"column":44}},"3":{"start":{"line":5,"column":13},"end":{"line":5,"column":28}},"4":{"start":{"line":6,"column":14},"end":{"line":6,"column":30}},"5":{"start":{"line":7,"column":11},"end":{"line":7,"column":24}},"6":{"start":{"line":9,"column":0},"end":{"line":9,"column":16}},"7":{"start":{"line":11,"column":12},"end":{"line":11,"column":21}},"8":{"start":{"line":12,"column":13},"end":{"line":12,"column":29}},"9":{"start":{"line":14,"column":0},"end":{"line":18,"column":6}},"10":{"start":{"line":20,"column":0},"end":{"line":20,"column":24}},"11":{"start":{"line":21,"column":0},"end":{"line":21,"column":30}},"12":{"start":{"line":23,"column":0},"end":{"line":26,"column":3}},"13":{"start":{"line":24,"column":4},"end":{"line":24,"column":62}},"14":{"start":{"line":25,"column":4},"end":{"line":25,"column":11}},"15":{"start":{"line":28,"column":0},"end":{"line":30,"column":3}},"16":{"start":{"line":29,"column":4},"end":{"line":29,"column":62}}},"fnMap":{"0":{"name":"(anonymous_0)","decl":{"start":{"line":23,"column":8},"end":{"line":23,"column":9}},"loc":{"start":{"line":23,"column":28},"end":{"line":26,"column":1}},"line":23},"1":{"name":"(anonymous_1)","decl":{"start":{"line":28,"column":17},"end":{"line":28,"column":18}},"loc":{"start":{"line":28,"column":23},"end":{"line":30,"column":1}},"line":28}},"branchMap":{},"s":{"0":1,"1":1,"2":1,"3":1,"4":1,"5":1,"6":1,"7":1,"8":1,"9":1,"10":1,"11":1,"12":1,"13":0,"14":0,"15":1,"16":0},"f":{"0":0,"1":0},"b":{},"_coverageSchema":"1a1c01bbd47fc00a2c39e90264f33305004495a9","hash":"24858a573acb5c89d9adb2fc26f41efa8fd90bf5"}
,"C:\\Users\\user-pc\\Documents\\GitHub\\MovieHub\\backend\\src\\Users\\users.controller.js": {"path":"C:\\Users\\user-pc\\Documents\\GitHub\\MovieHub\\backend\\src\\Users\\users.controller.js","statementMap":{"0":{"start":{"line":4,"column":20},"end":{"line":4,"column":47}},"1":{"start":{"line":21,"column":0},"end":{"line":40,"column":2}},"2":{"start":{"line":22,"column":4},"end":{"line":22,"column":41}},"3":{"start":{"line":23,"column":4},"end":{"line":39,"column":5}},"4":{"start":{"line":24,"column":23},"end":{"line":24,"column":36}},"5":{"start":{"line":25,"column":8},"end":{"line":25,"column":63}},"6":{"start":{"line":26,"column":28},"end":{"line":26,"column":68}},"7":{"start":{"line":28,"column":8},"end":{"line":35,"column":9}},"8":{"start":{"line":29,"column":12},"end":{"line":29,"column":42}},"9":{"start":{"line":31,"column":12},"end":{"line":31,"column":73}},"10":{"start":{"line":32,"column":12},"end":{"line":32,"column":46}},"11":{"start":{"line":34,"column":12},"end":{"line":34,"column":64}},"12":{"start":{"line":37,"column":8},"end":{"line":37,"column":61}},"13":{"start":{"line":38,"column":8},"end":{"line":38,"column":89}},"14":{"start":{"line":42,"column":0},"end":{"line":42,"column":56}},"15":{"start":{"line":44,"column":0},"end":{"line":58,"column":2}},"16":{"start":{"line":45,"column":19},"end":{"line":45,"column":32}},"17":{"start":{"line":46,"column":20},"end":{"line":46,"column":28}},"18":{"start":{"line":47,"column":4},"end":{"line":57,"column":5}},"19":{"start":{"line":48,"column":28},"end":{"line":48,"column":80}},"20":{"start":{"line":49,"column":8},"end":{"line":53,"column":9}},"21":{"start":{"line":50,"column":12},"end":{"line":50,"column":46}},"22":{"start":{"line":52,"column":12},"end":{"line":52,"column":64}},"23":{"start":{"line":55,"column":8},"end":{"line":55,"column":61}},"24":{"start":{"line":56,"column":8},"end":{"line":56,"column":89}},"25":{"start":{"line":60,"column":0},"end":{"line":76,"column":2}},"26":{"start":{"line":61,"column":4},"end":{"line":61,"column":44}},"27":{"start":{"line":62,"column":19},"end":{"line":62,"column":32}},"28":{"start":{"line":63,"column":3},"end":{"line":75,"column":5}},"29":{"start":{"line":64,"column":8},"end":{"line":64,"column":63}},"30":{"start":{"line":65,"column":23},"end":{"line":65,"column":66}},"31":{"start":{"line":66,"column":8},"end":{"line":66,"column":28}},"32":{"start":{"line":67,"column":8},"end":{"line":72,"column":9}},"33":{"start":{"line":68,"column":12},"end":{"line":68,"column":75}},"34":{"start":{"line":71,"column":12},"end":{"line":71,"column":64}},"35":{"start":{"line":74,"column":8},"end":{"line":74,"column":95}}},"fnMap":{"0":{"name":"(anonymous_0)","decl":{"start":{"line":21,"column":25},"end":{"line":21,"column":26}},"loc":{"start":{"line":21,"column":45},"end":{"line":40,"column":1}},"line":21},"1":{"name":"(anonymous_1)","decl":{"start":{"line":44,"column":28},"end":{"line":44,"column":29}},"loc":{"start":{"line":44,"column":48},"end":{"line":58,"column":1}},"line":44},"2":{"name":"(anonymous_2)","decl":{"start":{"line":60,"column":28},"end":{"line":60,"column":29}},"loc":{"start":{"line":60,"column":48},"end":{"line":76,"column":1}},"line":60}},"branchMap":{"0":{"loc":{"start":{"line":28,"column":8},"end":{"line":35,"column":9}},"type":"if","locations":[{"start":{"line":28,"column":8},"end":{"line":35,"column":9}},{"start":{"line":33,"column":15},"end":{"line":35,"column":9}}],"line":28},"1":{"loc":{"start":{"line":49,"column":8},"end":{"line":53,"column":9}},"type":"if","locations":[{"start":{"line":49,"column":8},"end":{"line":53,"column":9}},{"start":{"line":51,"column":15},"end":{"line":53,"column":9}}],"line":49},"2":{"loc":{"start":{"line":67,"column":8},"end":{"line":72,"column":9}},"type":"if","locations":[{"start":{"line":67,"column":8},"end":{"line":72,"column":9}},{"start":{"line":70,"column":15},"end":{"line":72,"column":9}}],"line":67}},"s":{"0":1,"1":1,"2":0,"3":0,"4":0,"5":0,"6":0,"7":0,"8":0,"9":0,"10":0,"11":0,"12":0,"13":0,"14":1,"15":1,"16":0,"17":0,"18":0,"19":0,"20":0,"21":0,"22":0,"23":0,"24":0,"25":1,"26":0,"27":0,"28":0,"29":0,"30":0,"31":0,"32":0,"33":0,"34":0,"35":0},"f":{"0":0,"1":0,"2":0},"b":{"0":[0,0],"1":[0,0],"2":[0,0]},"_coverageSchema":"1a1c01bbd47fc00a2c39e90264f33305004495a9","hash":"98b631ba6d81e994d27e9f287a9416d63985b4f3"}
,"C:\\Users\\user-pc\\Documents\\GitHub\\MovieHub\\backend\\src\\Users\\users.router.js": {"path":"C:\\Users\\user-pc\\Documents\\GitHub\\MovieHub\\backend\\src\\Users\\users.router.js","statementMap":{"0":{"start":{"line":2,"column":16},"end":{"line":2,"column":34}},"1":{"start":{"line":3,"column":23},"end":{"line":3,"column":52}},"2":{"start":{"line":5,"column":15},"end":{"line":5,"column":31}},"3":{"start":{"line":8,"column":0},"end":{"line":8,"column":50}},"4":{"start":{"line":9,"column":0},"end":{"line":9,"column":55}},"5":{"start":{"line":10,"column":0},"end":{"line":10,"column":56}},"6":{"start":{"line":12,"column":0},"end":{"line":12,"column":24}}},"fnMap":{},"branchMap":{},"s":{"0":1,"1":1,"2":1,"3":1,"4":1,"5":1,"6":1},"f":{},"b":{},"_coverageSchema":"1a1c01bbd47fc00a2c39e90264f33305004495a9","hash":"8ceb663003dd6fed92dc3a8d1954592e21c5dae5"}
,"C:\\Users\\user-pc\\Documents\\GitHub\\MovieHub\\backend\\src\\Users\\users.services.js": {"path":"C:\\Users\\user-pc\\Documents\\GitHub\\MovieHub\\backend\\src\\Users\\users.services.js","statementMap":{"0":{"start":{"line":2,"column":14},"end":{"line":2,"column":37}},"1":{"start":{"line":3,"column":0},"end":{"line":3,"column":27}},"2":{"start":{"line":5,"column":15},"end":{"line":8,"column":1}},"3":{"start":{"line":10,"column":0},"end":{"line":26,"column":2}},"4":{"start":{"line":11,"column":20},"end":{"line":11,"column":36}},"5":{"start":{"line":12,"column":4},"end":{"line":25,"column":5}},"6":{"start":{"line":13,"column":23},"end":{"line":16,"column":9}},"7":{"start":{"line":17,"column":8},"end":{"line":19,"column":9}},"8":{"start":{"line":18,"column":12},"end":{"line":18,"column":24}},"9":{"start":{"line":20,"column":8},"end":{"line":20,"column":53}},"10":{"start":{"line":24,"column":8},"end":{"line":24,"column":30}},"11":{"start":{"line":28,"column":0},"end":{"line":46,"column":2}},"12":{"start":{"line":29,"column":20},"end":{"line":29,"column":36}},"13":{"start":{"line":30,"column":18},"end":{"line":34,"column":3}},"14":{"start":{"line":35,"column":4},"end":{"line":45,"column":5}},"15":{"start":{"line":36,"column":23},"end":{"line":36,"column":68}},"16":{"start":{"line":37,"column":8},"end":{"line":39,"column":9}},"17":{"start":{"line":38,"column":12},"end":{"line":38,"column":24}},"18":{"start":{"line":40,"column":8},"end":{"line":40,"column":53}},"19":{"start":{"line":42,"column":8},"end":{"line":42,"column":20}},"20":{"start":{"line":44,"column":8},"end":{"line":44,"column":30}},"21":{"start":{"line":48,"column":0},"end":{"line":64,"column":2}},"22":{"start":{"line":49,"column":20},"end":{"line":49,"column":36}},"23":{"start":{"line":50,"column":4},"end":{"line":50,"column":34}},"24":{"start":{"line":51,"column":4},"end":{"line":63,"column":5}},"25":{"start":{"line":53,"column":23},"end":{"line":56,"column":9}},"26":{"start":{"line":58,"column":22},"end":{"line":58,"column":52}},"27":{"start":{"line":59,"column":8},"end":{"line":59,"column":27}},"28":{"start":{"line":60,"column":8},"end":{"line":60,"column":38}},"29":{"start":{"line":62,"column":8},"end":{"line":62,"column":30}},"30":{"start":{"line":67,"column":0},"end":{"line":69,"column":3}},"31":{"start":{"line":68,"column":4},"end":{"line":68,"column":25}}},"fnMap":{"0":{"name":"(anonymous_0)","decl":{"start":{"line":10,"column":25},"end":{"line":10,"column":26}},"loc":{"start":{"line":10,"column":43},"end":{"line":26,"column":1}},"line":10},"1":{"name":"(anonymous_1)","decl":{"start":{"line":28,"column":28},"end":{"line":28,"column":29}},"loc":{"start":{"line":28,"column":55},"end":{"line":46,"column":1}},"line":28},"2":{"name":"(anonymous_2)","decl":{"start":{"line":48,"column":28},"end":{"line":48,"column":29}},"loc":{"start":{"line":48,"column":46},"end":{"line":64,"column":1}},"line":48},"3":{"name":"(anonymous_3)","decl":{"start":{"line":67,"column":19},"end":{"line":67,"column":20}},"loc":{"start":{"line":67,"column":31},"end":{"line":69,"column":1}},"line":67}},"branchMap":{"0":{"loc":{"start":{"line":17,"column":8},"end":{"line":19,"column":9}},"type":"if","locations":[{"start":{"line":17,"column":8},"end":{"line":19,"column":9}},{"start":{},"end":{}}],"line":17},"1":{"loc":{"start":{"line":37,"column":8},"end":{"line":39,"column":9}},"type":"if","locations":[{"start":{"line":37,"column":8},"end":{"line":39,"column":9}},{"start":{},"end":{}}],"line":37}},"s":{"0":1,"1":1,"2":1,"3":1,"4":0,"5":0,"6":0,"7":0,"8":0,"9":0,"10":0,"11":1,"12":0,"13":0,"14":0,"15":0,"16":0,"17":0,"18":0,"19":0,"20":0,"21":1,"22":0,"23":0,"24":0,"25":0,"26":0,"27":0,"28":0,"29":0,"30":1,"31":0},"f":{"0":0,"1":0,"2":0,"3":0},"b":{"0":[0,0],"1":[0,0]},"_coverageSchema":"1a1c01bbd47fc00a2c39e90264f33305004495a9","hash":"b7fcfc03bedcc5fd8f853a2f8565f06cd09eb30b"}
,"C:\\Users\\user-pc\\Documents\\GitHub\\MovieHub\\backend\\src\\__mock__\\auth.firebase.js": {"path":"C:\\Users\\user-pc\\Documents\\GitHub\\MovieHub\\backend\\src\\__mock__\\auth.firebase.js","statementMap":{"0":{"start":{"line":2,"column":17},"end":{"line":6,"column":1}},"1":{"start":{"line":8,"column":16},"end":{"line":8,"column":39}},"2":{"start":{"line":8,"column":30},"end":{"line":8,"column":38}},"3":{"start":{"line":10,"column":0},"end":{"line":16,"column":2}}},"fnMap":{"0":{"name":"(anonymous_0)","decl":{"start":{"line":8,"column":24},"end":{"line":8,"column":25}},"loc":{"start":{"line":8,"column":30},"end":{"line":8,"column":38}},"line":8}},"branchMap":{},"s":{"0":1,"1":1,"2":0,"3":1},"f":{"0":0},"b":{},"_coverageSchema":"1a1c01bbd47fc00a2c39e90264f33305004495a9","hash":"e3373606c6d5f50d3b07109d9b0bef680caaae82"}
,"C:\\Users\\user-pc\\Documents\\GitHub\\MovieHub\\backend\\src\\utils\\responseHandler.js": {"path":"C:\\Users\\user-pc\\Documents\\GitHub\\MovieHub\\backend\\src\\utils\\responseHandler.js","statementMap":{"0":{"start":{"line":2,"column":24},"end":{"line":7,"column":1}},"1":{"start":{"line":3,"column":4},"end":{"line":6,"column":7}}},"fnMap":{"0":{"name":"(anonymous_0)","decl":{"start":{"line":2,"column":24},"end":{"line":2,"column":25}},"loc":{"start":{"line":2,"column":67},"end":{"line":7,"column":1}},"line":2}},"branchMap":{"0":{"loc":{"start":{"line":2,"column":51},"end":{"line":2,"column":62}},"type":"default-arg","locations":[{"start":{"line":2,"column":58},"end":{"line":2,"column":62}}],"line":2}},"s":{"0":2,"1":0},"f":{"0":0},"b":{"0":[0]},"_coverageSchema":"1a1c01bbd47fc00a2c39e90264f33305004495a9","hash":"e4fcffe4a56ce351e605bd2135320f3e2d7c407b"}
}
