TN:
SF:backend\src\Auth\auth.controller.js
FN:5,(anonymous_0)
FN:15,(anonymous_1)
FN:25,(anonymous_2)
FNF:3
FNH:3
FNDA:1,(anonymous_0)
FNDA:1,(anonymous_1)
FNDA:1,(anonymous_2)
DA:5,1
DA:6,1
DA:7,1
DA:8,1
DA:9,1
DA:11,0
DA:15,1
DA:16,1
DA:17,1
DA:18,1
DA:19,1
DA:21,0
DA:25,1
DA:26,1
DA:27,1
DA:28,1
DA:30,0
LF:17
LH:14
BRF:0
BRH:0
end_of_record
TN:
SF:backend\src\Auth\auth.services.js
FN:7,(anonymous_0)
FN:16,(anonymous_1)
FN:25,(anonymous_2)
FNF:3
FNH:3
FNDA:1,(anonymous_0)
FNDA:1,(anonymous_1)
FNDA:1,(anonymous_2)
DA:5,2
DA:7,2
DA:8,1
DA:9,1
DA:10,0
DA:12,1
DA:16,2
DA:17,1
DA:18,1
DA:19,1
DA:21,0
DA:25,2
DA:26,1
DA:27,1
DA:28,1
DA:30,0
LF:16
LH:13
BRF:0
BRH:0
end_of_record
TN:
SF:backend\src\Firebase\firebaseConnection.js
FNF:0
FNH:0
DA:9,2
DA:21,2
LF:2
LH:2
BRF:0
BRH:0
end_of_record
TN:
SF:backend\src\Post\post.controller.js
FN:4,(anonymous_0)
FN:14,(anonymous_1)
FN:24,(anonymous_2)
FN:34,(anonymous_3)
FN:44,(anonymous_4)
FN:54,(anonymous_5)
FN:64,(anonymous_6)
FN:75,(anonymous_7)
FN:85,(anonymous_8)
FN:95,(anonymous_9)
FN:105,(anonymous_10)
FN:115,(anonymous_11)
FN:125,(anonymous_12)
FNF:13
FNH:10
FNDA:0,(anonymous_0)
FNDA:1,(anonymous_1)
FNDA:1,(anonymous_2)
FNDA:1,(anonymous_3)
FNDA:1,(anonymous_4)
FNDA:1,(anonymous_5)
FNDA:1,(anonymous_6)
FNDA:1,(anonymous_7)
FNDA:0,(anonymous_8)
FNDA:1,(anonymous_9)
FNDA:1,(anonymous_10)
FNDA:0,(anonymous_11)
FNDA:1,(anonymous_12)
DA:4,1
DA:5,0
DA:6,0
DA:7,0
DA:8,0
DA:10,0
DA:14,1
DA:15,1
DA:16,1
DA:17,1
DA:18,1
DA:20,0
DA:24,1
DA:25,1
DA:26,1
DA:27,1
DA:28,1
DA:30,0
DA:34,1
DA:35,1
DA:36,1
DA:37,1
DA:38,1
DA:40,0
DA:44,1
DA:45,1
DA:46,1
DA:47,1
DA:48,1
DA:50,0
DA:54,1
DA:55,1
DA:56,1
DA:57,1
DA:58,1
DA:60,0
DA:64,1
DA:65,1
DA:66,1
DA:67,1
DA:68,1
DA:70,0
DA:75,1
DA:76,1
DA:77,1
DA:78,1
DA:79,1
DA:81,0
DA:85,1
DA:86,0
DA:87,0
DA:88,0
DA:89,0
DA:91,0
DA:95,1
DA:96,1
DA:97,1
DA:98,1
DA:99,1
DA:101,0
DA:105,1
DA:106,1
DA:107,1
DA:108,1
DA:109,1
DA:111,0
DA:115,1
DA:116,0
DA:117,0
DA:118,0
DA:119,0
DA:121,0
DA:125,1
DA:126,1
DA:127,1
DA:128,1
DA:129,1
DA:131,0
LF:78
LH:53
BRF:0
BRH:0
end_of_record
TN:
SF:backend\src\Post\post.services.js
FN:7,(anonymous_0)
FN:25,(anonymous_1)
FN:42,(anonymous_2)
FN:59,(anonymous_3)
FN:76,(anonymous_4)
FN:92,(anonymous_5)
FN:107,(anonymous_6)
FN:122,(anonymous_7)
FN:131,(anonymous_8)
FN:132,(anonymous_9)
FN:140,(anonymous_10)
FN:152,(anonymous_11)
FN:153,(anonymous_12)
FN:162,(anonymous_13)
FN:171,(anonymous_14)
FN:172,(anonymous_15)
FN:180,(anonymous_16)
FN:189,(anonymous_17)
FN:190,(anonymous_18)
FN:198,(anonymous_19)
FN:209,(anonymous_20)
FN:210,(anonymous_21)
FN:219,(anonymous_22)
FN:228,(anonymous_23)
FN:229,(anonymous_24)
FN:237,(anonymous_25)
FN:238,(anonymous_26)
FNF:27
FNH:26
FNDA:1,(anonymous_0)
FNDA:1,(anonymous_1)
FNDA:1,(anonymous_2)
FNDA:1,(anonymous_3)
FNDA:1,(anonymous_4)
FNDA:1,(anonymous_5)
FNDA:1,(anonymous_6)
FNDA:1,(anonymous_7)
FNDA:58,(anonymous_8)
FNDA:1,(anonymous_9)
FNDA:1,(anonymous_10)
FNDA:58,(anonymous_11)
FNDA:1,(anonymous_12)
FNDA:1,(anonymous_13)
FNDA:0,(anonymous_14)
FNDA:1,(anonymous_15)
FNDA:1,(anonymous_16)
FNDA:58,(anonymous_17)
FNDA:1,(anonymous_18)
FNDA:1,(anonymous_19)
FNDA:58,(anonymous_20)
FNDA:1,(anonymous_21)
FNDA:1,(anonymous_22)
FNDA:71,(anonymous_23)
FNDA:1,(anonymous_24)
FNDA:6,(anonymous_25)
FNDA:303,(anonymous_26)
DA:1,2
DA:2,2
DA:7,2
DA:8,1
DA:9,1
DA:10,1
DA:19,1
DA:21,1
DA:25,2
DA:26,1
DA:27,1
DA:28,1
DA:36,1
DA:38,1
DA:42,2
DA:43,1
DA:44,1
DA:45,1
DA:53,1
DA:55,1
DA:59,2
DA:60,1
DA:61,1
DA:62,1
DA:69,1
DA:70,1
DA:72,1
DA:76,2
DA:77,1
DA:78,1
DA:79,1
DA:86,1
DA:88,1
DA:92,2
DA:93,1
DA:94,1
DA:95,1
DA:101,1
DA:103,1
DA:107,2
DA:108,1
DA:109,1
DA:110,1
DA:116,1
DA:118,1
DA:122,2
DA:123,1
DA:124,1
DA:125,1
DA:131,58
DA:132,1
DA:133,1
DA:136,1
DA:140,2
DA:141,1
DA:143,1
DA:144,1
DA:145,1
DA:152,58
DA:153,1
DA:154,1
DA:158,1
DA:162,2
DA:163,1
DA:164,1
DA:165,1
DA:171,1
DA:172,1
DA:173,1
DA:176,1
DA:180,2
DA:181,1
DA:182,1
DA:183,1
DA:189,58
DA:190,1
DA:191,1
DA:194,1
DA:198,2
DA:199,1
DA:201,1
DA:202,1
DA:203,1
DA:209,58
DA:210,1
DA:211,1
DA:215,1
DA:219,2
DA:220,1
DA:221,1
DA:222,1
DA:228,71
DA:229,1
DA:230,1
DA:233,1
DA:237,2
DA:238,6
DA:240,303
DA:243,303
DA:246,303
LF:100
LH:100
BRF:0
BRH:0
end_of_record
TN:
SF:backend\src\Users\app.js
FN:23,(anonymous_0)
FN:28,(anonymous_1)
FNF:2
FNH:0
FNDA:0,(anonymous_0)
FNDA:0,(anonymous_1)
DA:2,1
DA:3,1
DA:4,1
DA:5,1
DA:6,1
DA:7,1
DA:9,1
DA:11,1
DA:12,1
DA:14,1
DA:20,1
DA:21,1
DA:23,1
DA:24,0
DA:25,0
DA:28,1
DA:29,0
LF:17
LH:14
BRF:0
BRH:0
end_of_record
TN:
SF:backend\src\Users\users.controller.js
FN:21,(anonymous_0)
FN:44,(anonymous_1)
FN:60,(anonymous_2)
FNF:3
FNH:0
FNDA:0,(anonymous_0)
FNDA:0,(anonymous_1)
FNDA:0,(anonymous_2)
DA:4,1
DA:21,1
DA:22,0
DA:23,0
DA:24,0
DA:25,0
DA:26,0
DA:28,0
DA:29,0
DA:31,0
DA:32,0
DA:34,0
DA:37,0
DA:38,0
DA:42,1
DA:44,1
DA:45,0
DA:46,0
DA:47,0
DA:48,0
DA:49,0
DA:50,0
DA:52,0
DA:55,0
DA:56,0
DA:60,1
DA:61,0
DA:62,0
DA:63,0
DA:64,0
DA:65,0
DA:66,0
DA:67,0
DA:68,0
DA:71,0
DA:74,0
LF:36
LH:5
BRDA:28,0,0,0
BRDA:28,0,1,0
BRDA:49,1,0,0
BRDA:49,1,1,0
BRDA:67,2,0,0
BRDA:67,2,1,0
BRF:6
BRH:0
end_of_record
TN:
SF:backend\src\Users\users.router.js
FNF:0
FNH:0
DA:2,1
DA:3,1
DA:5,1
DA:8,1
DA:9,1
DA:10,1
DA:12,1
LF:7
LH:7
BRF:0
BRH:0
end_of_record
TN:
SF:backend\src\Users\users.services.js
FN:10,(anonymous_0)
FN:28,(anonymous_1)
FN:48,(anonymous_2)
FN:67,(anonymous_3)
FNF:4
FNH:0
FNDA:0,(anonymous_0)
FNDA:0,(anonymous_1)
FNDA:0,(anonymous_2)
FNDA:0,(anonymous_3)
DA:2,1
DA:3,1
DA:5,1
DA:10,1
DA:11,0
DA:12,0
DA:13,0
DA:17,0
DA:18,0
DA:20,0
DA:24,0
DA:28,1
DA:29,0
DA:30,0
DA:35,0
DA:36,0
DA:37,0
DA:38,0
DA:40,0
DA:42,0
DA:44,0
DA:48,1
DA:49,0
DA:50,0
DA:51,0
DA:53,0
DA:58,0
DA:59,0
DA:60,0
DA:62,0
DA:67,1
DA:68,0
LF:32
LH:7
BRDA:17,0,0,0
BRDA:17,0,1,0
BRDA:37,1,0,0
BRDA:37,1,1,0
BRF:4
BRH:0
end_of_record
TN:
SF:backend\src\__mock__\auth.firebase.js
FN:8,(anonymous_0)
FNF:1
FNH:0
FNDA:0,(anonymous_0)
DA:2,1
DA:8,1
DA:10,1
LF:3
LH:3
BRF:0
BRH:0
end_of_record
TN:
SF:backend\src\utils\responseHandler.js
FN:2,(anonymous_0)
FNF:1
FNH:0
FNDA:0,(anonymous_0)
DA:2,2
DA:3,0
LF:2
LH:1
BRDA:2,0,0,0
BRF:1
BRH:0
end_of_record
