TN:
SF:backend\src\Auth\auth.controller.js
FN:5,(anonymous_0)
FN:15,(anonymous_1)
FN:25,(anonymous_2)
FNF:3
FNH:3
FNDA:1,(anonymous_0)
FNDA:1,(anonymous_1)
FNDA:1,(anonymous_2)
DA:5,1
DA:6,1
DA:7,1
DA:8,1
DA:9,1
DA:11,0
DA:15,1
DA:16,1
DA:17,1
DA:18,1
DA:19,1
DA:21,0
DA:25,1
DA:26,1
DA:27,1
DA:28,1
DA:30,0
LF:17
LH:14
BRF:0
BRH:0
end_of_record
TN:
SF:backend\src\Auth\auth.services.js
FN:7,(anonymous_0)
FN:16,(anonymous_1)
FN:25,(anonymous_2)
FNF:3
FNH:3
FNDA:1,(anonymous_0)
FNDA:1,(anonymous_1)
FNDA:1,(anonymous_2)
DA:5,2
DA:7,2
DA:8,1
DA:9,1
DA:10,0
DA:12,1
DA:16,2
DA:17,1
DA:18,1
DA:19,1
DA:21,0
DA:25,2
DA:26,1
DA:27,1
DA:28,1
DA:30,0
LF:16
LH:13
BRF:0
BRH:0
end_of_record
TN:
SF:backend\src\Firebase\firebaseConnection.js
FNF:0
FNH:0
DA:9,2
DA:21,2
LF:2
LH:2
BRF:0
BRH:0
end_of_record
TN:
SF:backend\src\__mock__\auth.firebase.js
FN:8,(anonymous_0)
FNF:1
FNH:0
FNDA:0,(anonymous_0)
DA:2,1
DA:8,1
DA:10,1
LF:3
LH:3
BRF:0
BRH:0
end_of_record
TN:
SF:backend\src\utils\responceHandler.js
FN:2,(anonymous_0)
FNF:1
FNH:0
FNDA:0,(anonymous_0)
DA:2,1
DA:3,0
LF:2
LH:1
BRDA:2,0,0,0
BRF:1
BRH:0
end_of_record
